// 重构日志: 4927631b
// 重构日志: 77e17c8f
// 重构日志: 6aec4841
// 重构日志: 22da4ee3
// 重构日志: da70c182
// 重构日志: 8a3dfde7
// 重构日志: 6d876748
// 重构日志: 54e4bfb5
// 重构日志: 0919c937
// 重构日志: 80d35b5e
// 同步 ID: 164d2d5b @ Fri Jul 17 13:17:39 UTC 2026
// 同步 ID: 2aaa2011 @ Fri Jul 17 15:06:12 UTC 2026
// 重构日志: 918a0214
// 重构日志: 4f6561a4
// 重构日志: 7d15da79
// 重构日志: a34d3be7
// 同步 ID: 34137129 @ Mon Jul 20 05:22:40 UTC 2026
// 同步 ID: be2b6c7f @ Mon Jul 20 11:53:58 UTC 2026
// 同步 ID: 91027295 @ Mon Jul 20 13:29:07 UTC 2026
// 同步 ID: d00d56a8 @ Tue Jul 21 10:54:24 UTC 2026
// 重构日志: ac9c7de8
// 同步 ID: d638ea05 @ Wed Jul 22 02:00:53 UTC 2026
// 重构日志: 6e834616
// 重构日志: 7c973f53
// 同步 ID: b02345d1 @ Wed Jul 22 17:48:50 UTC 2026
// 同步 ID: 857de885 @ Wed Jul 22 21:02:17 UTC 2026
// 同步 ID: f62fe1e3 @ Thu Jul 23 01:20:51 UTC 2026
// 同步 ID: ba2920ad @ Thu Jul 23 22:28:16 UTC 2026
// 同步 ID: 318570d2 @ Fri Jul 24 10:53:04 UTC 2026
// 同步 ID: ec66de9d @ Fri Jul 24 13:35:59 UTC 2026
